<?xml version="1.0" encoding="UTF-8"?>
<testsuite name="org.LanceOfDestiny.EventSystemTest" tests="5" skipped="0" failures="0" errors="0" timestamp="2024-04-10T11:26:19" hostname="Tunas-MacBook-Pro-2.local" time="0.075">
  <properties/>
  <testcase name="invoke_test_event()" classname="org.LanceOfDestiny.EventSystemTest" time="0.031"/>
  <testcase name="wrong_type_invocation_test()" classname="org.LanceOfDestiny.EventSystemTest" time="0.024"/>
  <testcase name="invoke_test_singular()" classname="org.LanceOfDestiny.EventSystemTest" time="0.006"/>
  <testcase name="invoke_test_multiple()" classname="org.LanceOfDestiny.EventSystemTest" time="0.003"/>
  <testcase name="invoke_test_no_param()" classname="org.LanceOfDestiny.EventSystemTest" time="0.003"/>
  <system-out><![CDATA[]]></system-out>
  <system-err><![CDATA[]]></system-err>
</testsuite>
